# JRE version: OpenJDK Runtime Environment (17.0.6) (build 17.0.6+0-b2043.56-9586694)
# Java VM: OpenJDK 64-Bit Server VM (17.0.6+0-b2043.56-9586694, mixed mode, tiered, compressed oops, compressed class ptrs, g1 gc, windows-amd64)
GC Precious Log:
 CPUs: 2 total, 2 available
 Memory: 10116M
 Large Page Support: Disabled
 NUMA Support: Disabled
 Compressed Oops: Enabled (Zero based)
 Heap Region Size: 2M
 Heap Min Capacity: 8M
 Heap Initial Capacity: 160M
 Heap Max Capacity: 4G
 Pre-touch: Disabled
 Parallel Workers: 2
 Concurrent Workers: 1
 Concurrent Refinement Workers: 2
 Periodic GC: Disabled
Heap:
 garbage-first heap   total 163840K, used 118974K [0x0000000700000000, 0x0000000800000000)
  region size 2048K, 10 young (20480K), 1 survivors (2048K)
 Metaspace       used 52600K, committed 53184K, reserved 1097728K
  class space    used 6994K, committed 7296K, reserved 1048576K
GC Heap History (20 events):
Event: 5.055 GC heap before
{Heap before GC invocations=12 (full 0):
 garbage-first heap   total 102400K, used 77399K [0x0000000700000000, 0x0000000800000000)
  region size 2048K, 11 young (22528K), 1 survivors (2048K)
 Metaspace       used 34622K, committed 35008K, reserved 1081344K
  class space    used 4799K, committed 4992K, reserved 1048576K
}
Event: 5.059 GC heap after
{Heap after GC invocations=13 (full 0):
 garbage-first heap   total 102400K, used 57804K [0x0000000700000000, 0x0000000800000000)
  region size 2048K, 2 young (4096K), 2 survivors (4096K)
 Metaspace       used 34622K, committed 35008K, reserved 1081344K
  class space    used 4799K, committed 4992K, reserved 1048576K
}
Event: 5.626 GC heap before
{Heap before GC invocations=14 (full 0):
 garbage-first heap   total 106496K, used 78284K [0x0000000700000000, 0x0000000800000000)
  region size 2048K, 12 young (24576K), 2 survivors (4096K)
 Metaspace       used 40491K, committed 40896K, reserved 1089536K
  class space    used 5457K, committed 5632K, reserved 1048576K
}
Event: 5.634 GC heap after
{Heap after GC invocations=15 (full 0):
 garbage-first heap   total 106496K, used 60346K [0x0000000700000000, 0x0000000800000000)
  region size 2048K, 2 young (4096K), 2 survivors (4096K)
 Metaspace       used 40491K, committed 40896K, reserved 1089536K
  class space    used 5457K, committed 5632K, reserved 1048576K
}
Event: 5.876 GC heap before
{Heap before GC invocations=15 (full 0):
 garbage-first heap   total 106496K, used 78778K [0x0000000700000000, 0x0000000800000000)
  region size 2048K, 12 young (24576K), 2 survivors (4096K)
 Metaspace       used 41879K, committed 42240K, reserved 1089536K
  class space    used 5574K, committed 5760K, reserved 1048576K
}
Event: 5.884 GC heap after
{Heap after GC invocations=16 (full 0):
 garbage-first heap   total 129024K, used 63398K [0x0000000700000000, 0x0000000800000000)
  region size 2048K, 2 young (4096K), 2 survivors (4096K)
 Metaspace       used 41879K, committed 42240K, reserved 1089536K
  class space    used 5574K, committed 5760K, reserved 1048576K
}
Event: 6.058 GC heap before
{Heap before GC invocations=17 (full 0):
 garbage-first heap   total 129024K, used 69542K [0x0000000700000000, 0x0000000800000000)
  region size 2048K, 7 young (14336K), 2 survivors (4096K)
 Metaspace       used 42305K, committed 42752K, reserved 1089536K
  class space    used 5619K, committed 5824K, reserved 1048576K
}
Event: 6.063 GC heap after
{Heap after GC invocations=18 (full 0):
 garbage-first heap   total 129024K, used 63838K [0x0000000700000000, 0x0000000800000000)
  region size 2048K, 2 young (4096K), 2 survivors (4096K)
 Metaspace       used 42305K, committed 42752K, reserved 1089536K
  class space    used 5619K, committed 5824K, reserved 1048576K
}
Event: 6.929 GC heap before
{Heap before GC invocations=19 (full 0):
 garbage-first heap   total 129024K, used 94558K [0x0000000700000000, 0x0000000800000000)
  region size 2048K, 18 young (36864K), 2 survivors (4096K)
 Metaspace       used 46730K, committed 47168K, reserved 1089536K
  class space    used 6189K, committed 6400K, reserved 1048576K
}
Event: 6.936 GC heap after
{Heap after GC invocations=20 (full 0):
 garbage-first heap   total 129024K, used 65844K [0x0000000700000000, 0x0000000800000000)
  region size 2048K, 2 young (4096K), 2 survivors (4096K)
 Metaspace       used 46730K, committed 47168K, reserved 1089536K
  class space    used 6189K, committed 6400K, reserved 1048576K
}
Event: 7.002 GC heap before
{Heap before GC invocations=21 (full 0):
 garbage-first heap   total 129024K, used 78132K [0x0000000700000000, 0x0000000800000000)
  region size 2048K, 2 young (4096K), 2 survivors (4096K)
 Metaspace       used 46730K, committed 47168K, reserved 1089536K
  class space    used 6189K, committed 6400K, reserved 1048576K
}
Event: 7.008 GC heap after
{Heap after GC invocations=22 (full 0):
 garbage-first heap   total 129024K, used 78328K [0x0000000700000000, 0x0000000800000000)
  region size 2048K, 2 young (4096K), 2 survivors (4096K)
 Metaspace       used 46730K, committed 47168K, reserved 1089536K
  class space    used 6189K, committed 6400K, reserved 1048576K
}
Event: 7.076 GC heap before
{Heap before GC invocations=23 (full 0):
 garbage-first heap   total 143360K, used 84472K [0x0000000700000000, 0x0000000800000000)
  region size 2048K, 3 young (6144K), 2 survivors (4096K)
 Metaspace       used 46730K, committed 47168K, reserved 1089536K
  class space    used 6189K, committed 6400K, reserved 1048576K
}
Event: 7.080 GC heap after
{Heap after GC invocations=24 (full 0):
 garbage-first heap   total 143360K, used 85158K [0x0000000700000000, 0x0000000800000000)
  region size 2048K, 1 young (2048K), 1 survivors (2048K)
 Metaspace       used 46730K, committed 47168K, reserved 1089536K
  class space    used 6189K, committed 6400K, reserved 1048576K
}
Event: 7.141 GC heap before
{Heap before GC invocations=25 (full 0):
 garbage-first heap   total 147456K, used 87206K [0x0000000700000000, 0x0000000800000000)
  region size 2048K, 2 young (4096K), 1 survivors (2048K)
 Metaspace       used 46730K, committed 47168K, reserved 1089536K
  class space    used 6189K, committed 6400K, reserved 1048576K
}
Event: 7.142 GC heap after
{Heap after GC invocations=26 (full 0):
 garbage-first heap   total 147456K, used 87217K [0x0000000700000000, 0x0000000800000000)
  region size 2048K, 1 young (2048K), 1 survivors (2048K)
 Metaspace       used 46730K, committed 47168K, reserved 1089536K
  class space    used 6189K, committed 6400K, reserved 1048576K
}
Event: 7.734 GC heap before
{Heap before GC invocations=27 (full 0):
 garbage-first heap   total 157696K, used 119985K [0x0000000700000000, 0x0000000800000000)
  region size 2048K, 15 young (30720K), 1 survivors (2048K)
 Metaspace       used 49296K, committed 49792K, reserved 1097728K
  class space    used 6428K, committed 6656K, reserved 1048576K
}
Event: 7.746 GC heap after
{Heap after GC invocations=28 (full 0):
 garbage-first heap   total 157696K, used 94549K [0x0000000700000000, 0x0000000800000000)
  region size 2048K, 2 young (4096K), 2 survivors (4096K)
 Metaspace       used 49296K, committed 49792K, reserved 1097728K
  class space    used 6428K, committed 6656K, reserved 1048576K
}
Event: 8.073 GC heap before
{Heap before GC invocations=28 (full 0):
 garbage-first heap   total 157696K, used 112981K [0x0000000700000000, 0x0000000800000000)
  region size 2048K, 12 young (24576K), 2 survivors (4096K)
 Metaspace       used 50916K, committed 51392K, reserved 1097728K
  class space    used 6715K, committed 6912K, reserved 1048576K
}
Event: 8.081 GC heap after
{Heap after GC invocations=29 (full 0):
 garbage-first heap   total 157696K, used 96446K [0x0000000700000000, 0x0000000800000000)
  region size 2048K, 1 young (2048K), 1 survivors (2048K)
 Metaspace       used 50916K, committed 51392K, reserved 1097728K
  class space    used 6715K, committed 6912K, reserved 1048576K
}

