# JRE version: OpenJDK Runtime Environment (17.0.6) (build 17.0.6+0-b2043.56-9586694)
# Java VM: OpenJDK 64-Bit Server VM (17.0.6+0-b2043.56-9586694, mixed mode, tiered, compressed oops, compressed class ptrs, g1 gc, windows-amd64)
GC Precious Log:
 CPUs: 2 total, 2 available
 Memory: 10116M
 Large Page Support: Disabled
 NUMA Support: Disabled
 Compressed Oops: Enabled (Zero based)
 Heap Region Size: 2M
 Heap Min Capacity: 8M
 Heap Initial Capacity: 160M
 Heap Max Capacity: 4G
 Pre-touch: Disabled
 Parallel Workers: 2
 Concurrent Workers: 1
 Concurrent Refinement Workers: 2
 Periodic GC: Disabled
Heap:
 garbage-first heap   total 163840K, used 104067K [0x0000000700000000, 0x0000000800000000)
  region size 2048K, 2 young (4096K), 1 survivors (2048K)
 Metaspace       used 50928K, committed 51392K, reserved 1097728K
  class space    used 6718K, committed 6912K, reserved 1048576K
GC Heap History (20 events):
Event: 5.322 GC heap before
{Heap before GC invocations=14 (full 0):
 garbage-first heap   total 110592K, used 80010K [0x0000000700000000, 0x0000000800000000)
  region size 2048K, 13 young (26624K), 1 survivors (2048K)
 Metaspace       used 36734K, committed 37184K, reserved 1081344K
  class space    used 5095K, committed 5312K, reserved 1048576K
}
Event: 5.327 GC heap after
{Heap after GC invocations=15 (full 0):
 garbage-first heap   total 110592K, used 59340K [0x0000000700000000, 0x0000000800000000)
  region size 2048K, 2 young (4096K), 2 survivors (4096K)
 Metaspace       used 36734K, committed 37184K, reserved 1081344K
  class space    used 5095K, committed 5312K, reserved 1048576K
}
Event: 5.857 GC heap before
{Heap before GC invocations=15 (full 0):
 garbage-first heap   total 110592K, used 81868K [0x0000000700000000, 0x0000000800000000)
  region size 2048K, 14 young (28672K), 2 survivors (4096K)
 Metaspace       used 41863K, committed 42240K, reserved 1089536K
  class space    used 5576K, committed 5760K, reserved 1048576K
}
Event: 5.866 GC heap after
{Heap after GC invocations=16 (full 0):
 garbage-first heap   total 110592K, used 62832K [0x0000000700000000, 0x0000000800000000)
  region size 2048K, 2 young (4096K), 2 survivors (4096K)
 Metaspace       used 41863K, committed 42240K, reserved 1089536K
  class space    used 5576K, committed 5760K, reserved 1048576K
}
Event: 6.061 GC heap before
{Heap before GC invocations=17 (full 0):
 garbage-first heap   total 112640K, used 75120K [0x0000000700000000, 0x0000000800000000)
  region size 2048K, 10 young (20480K), 2 survivors (4096K)
 Metaspace       used 42295K, committed 42752K, reserved 1089536K
  class space    used 5621K, committed 5824K, reserved 1048576K
}
Event: 6.069 GC heap after
{Heap after GC invocations=18 (full 0):
 garbage-first heap   total 112640K, used 65641K [0x0000000700000000, 0x0000000800000000)
  region size 2048K, 2 young (4096K), 2 survivors (4096K)
 Metaspace       used 42295K, committed 42752K, reserved 1089536K
  class space    used 5621K, committed 5824K, reserved 1048576K
}
Event: 6.565 GC heap before
{Heap before GC invocations=19 (full 0):
 garbage-first heap   total 122880K, used 86121K [0x0000000700000000, 0x0000000800000000)
  region size 2048K, 12 young (24576K), 2 survivors (4096K)
 Metaspace       used 45745K, committed 46208K, reserved 1089536K
  class space    used 6039K, committed 6272K, reserved 1048576K
}
Event: 6.572 GC heap after
{Heap after GC invocations=20 (full 0):
 garbage-first heap   total 122880K, used 66734K [0x0000000700000000, 0x0000000800000000)
  region size 2048K, 1 young (2048K), 1 survivors (2048K)
 Metaspace       used 45745K, committed 46208K, reserved 1089536K
  class space    used 6039K, committed 6272K, reserved 1048576K
}
Event: 6.863 GC heap before
{Heap before GC invocations=20 (full 0):
 garbage-first heap   total 122880K, used 76974K [0x0000000700000000, 0x0000000800000000)
  region size 2048K, 7 young (14336K), 1 survivors (2048K)
 Metaspace       used 46730K, committed 47168K, reserved 1097728K
  class space    used 6191K, committed 6400K, reserved 1048576K
}
Event: 6.873 GC heap after
{Heap after GC invocations=21 (full 0):
 garbage-first heap   total 122880K, used 67934K [0x0000000700000000, 0x0000000800000000)
  region size 2048K, 2 young (4096K), 2 survivors (4096K)
 Metaspace       used 46730K, committed 47168K, reserved 1097728K
  class space    used 6191K, committed 6400K, reserved 1048576K
}
Event: 6.961 GC heap before
{Heap before GC invocations=22 (full 0):
 garbage-first heap   total 122880K, used 79591K [0x0000000700000000, 0x0000000800000000)
  region size 2048K, 3 young (6144K), 2 survivors (4096K)
 Metaspace       used 46730K, committed 47168K, reserved 1097728K
  class space    used 6191K, committed 6400K, reserved 1048576K
}
Event: 6.966 GC heap after
{Heap after GC invocations=23 (full 0):
 garbage-first heap   total 122880K, used 79771K [0x0000000700000000, 0x0000000800000000)
  region size 2048K, 1 young (2048K), 1 survivors (2048K)
 Metaspace       used 46730K, committed 47168K, reserved 1097728K
  class space    used 6191K, committed 6400K, reserved 1048576K
}
Event: 7.042 GC heap before
{Heap before GC invocations=24 (full 0):
 garbage-first heap   total 141312K, used 81819K [0x0000000700000000, 0x0000000800000000)
  region size 2048K, 2 young (4096K), 1 survivors (2048K)
 Metaspace       used 46731K, committed 47168K, reserved 1097728K
  class space    used 6191K, committed 6400K, reserved 1048576K
}
Event: 7.046 GC heap after
{Heap after GC invocations=25 (full 0):
 garbage-first heap   total 141312K, used 81974K [0x0000000700000000, 0x0000000800000000)
  region size 2048K, 1 young (2048K), 1 survivors (2048K)
 Metaspace       used 46731K, committed 47168K, reserved 1097728K
  class space    used 6191K, committed 6400K, reserved 1048576K
}
Event: 7.132 GC heap before
{Heap before GC invocations=26 (full 0):
 garbage-first heap   total 147456K, used 88118K [0x0000000700000000, 0x0000000800000000)
  region size 2048K, 2 young (4096K), 1 survivors (2048K)
 Metaspace       used 46731K, committed 47168K, reserved 1097728K
  class space    used 6191K, committed 6400K, reserved 1048576K
}
Event: 7.135 GC heap after
{Heap after GC invocations=27 (full 0):
 garbage-first heap   total 147456K, used 88682K [0x0000000700000000, 0x0000000800000000)
  region size 2048K, 2 young (4096K), 2 survivors (4096K)
 Metaspace       used 46731K, committed 47168K, reserved 1097728K
  class space    used 6191K, committed 6400K, reserved 1048576K
}
Event: 7.748 GC heap before
{Heap before GC invocations=28 (full 0):
 garbage-first heap   total 163840K, used 117354K [0x0000000700000000, 0x0000000800000000)
  region size 2048K, 15 young (30720K), 2 survivors (4096K)
 Metaspace       used 49287K, committed 49792K, reserved 1097728K
  class space    used 6428K, committed 6656K, reserved 1048576K
}
Event: 7.761 GC heap after
{Heap after GC invocations=29 (full 0):
 garbage-first heap   total 163840K, used 95865K [0x0000000700000000, 0x0000000800000000)
  region size 2048K, 2 young (4096K), 2 survivors (4096K)
 Metaspace       used 49287K, committed 49792K, reserved 1097728K
  class space    used 6428K, committed 6656K, reserved 1048576K
}
Event: 8.101 GC heap before
{Heap before GC invocations=29 (full 0):
 garbage-first heap   total 163840K, used 116345K [0x0000000700000000, 0x0000000800000000)
  region size 2048K, 13 young (26624K), 2 survivors (4096K)
 Metaspace       used 50926K, committed 51392K, reserved 1097728K
  class space    used 6718K, committed 6912K, reserved 1048576K
}
Event: 8.111 GC heap after
{Heap after GC invocations=30 (full 0):
 garbage-first heap   total 163840K, used 97923K [0x0000000700000000, 0x0000000800000000)
  region size 2048K, 1 young (2048K), 1 survivors (2048K)
 Metaspace       used 50926K, committed 51392K, reserved 1097728K
  class space    used 6718K, committed 6912K, reserved 1048576K
}

