# JRE version: OpenJDK Runtime Environment (17.0.6) (build 17.0.6+0-b2043.56-9586694)
# Java VM: OpenJDK 64-Bit Server VM (17.0.6+0-b2043.56-9586694, mixed mode, tiered, compressed oops, compressed class ptrs, g1 gc, windows-amd64)
GC Precious Log:
 CPUs: 2 total, 2 available
 Memory: 10116M
 Large Page Support: Disabled
 NUMA Support: Disabled
 Compressed Oops: Enabled (Zero based)
 Heap Region Size: 2M
 Heap Min Capacity: 8M
 Heap Initial Capacity: 160M
 Heap Max Capacity: 4G
 Pre-touch: Disabled
 Parallel Workers: 2
 Concurrent Workers: 1
 Concurrent Refinement Workers: 2
 Periodic GC: Disabled
Heap:
 garbage-first heap   total 116736K, used 93233K [0x0000000700000000, 0x0000000800000000)
  region size 2048K, 1 young (2048K), 1 survivors (2048K)
 Metaspace       used 49221K, committed 49728K, reserved 1097728K
  class space    used 6414K, committed 6656K, reserved 1048576K
GC Heap History (20 events):
Event: 4.315 GC heap after
{Heap after GC invocations=9 (full 0):
 garbage-first heap   total 102400K, used 36198K [0x0000000700000000, 0x0000000800000000)
  region size 2048K, 2 young (4096K), 2 survivors (4096K)
 Metaspace       used 29443K, committed 29824K, reserved 1081344K
  class space    used 3976K, committed 4160K, reserved 1048576K
}
Event: 4.344 GC heap before
{Heap before GC invocations=9 (full 0):
 garbage-first heap   total 102400K, used 48486K [0x0000000700000000, 0x0000000800000000)
  region size 2048K, 3 young (6144K), 2 survivors (4096K)
 Metaspace       used 29445K, committed 29824K, reserved 1081344K
  class space    used 3976K, committed 4160K, reserved 1048576K
}
Event: 4.347 GC heap after
{Heap after GC invocations=10 (full 0):
 garbage-first heap   total 102400K, used 49070K [0x0000000700000000, 0x0000000800000000)
  region size 2048K, 1 young (2048K), 1 survivors (2048K)
 Metaspace       used 29445K, committed 29824K, reserved 1081344K
  class space    used 3976K, committed 4160K, reserved 1048576K
}
Event: 4.992 GC heap before
{Heap before GC invocations=11 (full 0):
 garbage-first heap   total 102400K, used 83886K [0x0000000700000000, 0x0000000800000000)
  region size 2048K, 15 young (30720K), 1 survivors (2048K)
 Metaspace       used 33216K, committed 33600K, reserved 1081344K
  class space    used 4579K, committed 4736K, reserved 1048576K
}
Event: 4.996 GC heap after
{Heap after GC invocations=12 (full 0):
 garbage-first heap   total 102400K, used 56971K [0x0000000700000000, 0x0000000800000000)
  region size 2048K, 2 young (4096K), 2 survivors (4096K)
 Metaspace       used 33216K, committed 33600K, reserved 1081344K
  class space    used 4579K, committed 4736K, reserved 1048576K
}
Event: 5.598 GC heap before
{Heap before GC invocations=12 (full 0):
 garbage-first heap   total 102400K, used 79499K [0x0000000700000000, 0x0000000800000000)
  region size 2048K, 14 young (28672K), 2 survivors (4096K)
 Metaspace       used 38310K, committed 38720K, reserved 1089536K
  class space    used 5185K, committed 5376K, reserved 1048576K
}
Event: 5.604 GC heap after
{Heap after GC invocations=13 (full 0):
 garbage-first heap   total 102400K, used 59025K [0x0000000700000000, 0x0000000800000000)
  region size 2048K, 2 young (4096K), 2 survivors (4096K)
 Metaspace       used 38310K, committed 38720K, reserved 1089536K
  class space    used 5185K, committed 5376K, reserved 1048576K
}
Event: 5.997 GC heap before
{Heap before GC invocations=14 (full 0):
 garbage-first heap   total 102400K, used 81553K [0x0000000700000000, 0x0000000800000000)
  region size 2048K, 14 young (28672K), 2 survivors (4096K)
 Metaspace       used 41836K, committed 42240K, reserved 1089536K
  class space    used 5570K, committed 5760K, reserved 1048576K
}
Event: 6.009 GC heap after
{Heap after GC invocations=15 (full 0):
 garbage-first heap   total 102400K, used 62550K [0x0000000700000000, 0x0000000800000000)
  region size 2048K, 2 young (4096K), 2 survivors (4096K)
 Metaspace       used 41836K, committed 42240K, reserved 1089536K
  class space    used 5570K, committed 5760K, reserved 1048576K
}
Event: 6.165 GC heap before
{Heap before GC invocations=15 (full 0):
 garbage-first heap   total 102400K, used 70742K [0x0000000700000000, 0x0000000800000000)
  region size 2048K, 7 young (14336K), 2 survivors (4096K)
 Metaspace       used 42306K, committed 42688K, reserved 1089536K
  class space    used 5616K, committed 5824K, reserved 1048576K
}
Event: 6.170 GC heap after
{Heap after GC invocations=16 (full 0):
 garbage-first heap   total 102400K, used 63642K [0x0000000700000000, 0x0000000800000000)
  region size 2048K, 2 young (4096K), 2 survivors (4096K)
 Metaspace       used 42306K, committed 42688K, reserved 1089536K
  class space    used 5616K, committed 5824K, reserved 1048576K
}
Event: 6.713 GC heap before
{Heap before GC invocations=17 (full 0):
 garbage-first heap   total 116736K, used 84122K [0x0000000700000000, 0x0000000800000000)
  region size 2048K, 11 young (22528K), 2 survivors (4096K)
 Metaspace       used 45418K, committed 45824K, reserved 1089536K
  class space    used 5992K, committed 6208K, reserved 1048576K
}
Event: 6.723 GC heap after
{Heap after GC invocations=18 (full 0):
 garbage-first heap   total 116736K, used 63942K [0x0000000700000000, 0x0000000800000000)
  region size 2048K, 1 young (2048K), 1 survivors (2048K)
 Metaspace       used 45418K, committed 45824K, reserved 1089536K
  class space    used 5992K, committed 6208K, reserved 1048576K
}
Event: 7.176 GC heap before
{Heap before GC invocations=18 (full 0):
 garbage-first heap   total 116736K, used 76230K [0x0000000700000000, 0x0000000800000000)
  region size 2048K, 8 young (16384K), 1 survivors (2048K)
 Metaspace       used 46715K, committed 47168K, reserved 1089536K
  class space    used 6184K, committed 6400K, reserved 1048576K
}
Event: 7.182 GC heap after
{Heap after GC invocations=19 (full 0):
 garbage-first heap   total 116736K, used 65551K [0x0000000700000000, 0x0000000800000000)
  region size 2048K, 2 young (4096K), 2 survivors (4096K)
 Metaspace       used 46715K, committed 47168K, reserved 1089536K
  class space    used 6184K, committed 6400K, reserved 1048576K
}
Event: 7.681 GC heap before
{Heap before GC invocations=20 (full 0):
 garbage-first heap   total 116736K, used 104463K [0x0000000700000000, 0x0000000800000000)
  region size 2048K, 11 young (22528K), 2 survivors (4096K)
 Metaspace       used 48794K, committed 49344K, reserved 1097728K
  class space    used 6351K, committed 6592K, reserved 1048576K
}
Event: 7.690 GC heap after
{Heap after GC invocations=21 (full 0):
 garbage-first heap   total 116736K, used 92766K [0x0000000700000000, 0x0000000800000000)
  region size 2048K, 2 young (4096K), 2 survivors (4096K)
 Metaspace       used 48794K, committed 49344K, reserved 1097728K
  class space    used 6351K, committed 6592K, reserved 1048576K
}
Event: 7.736 GC heap before
{Heap before GC invocations=21 (full 0):
 garbage-first heap   total 116736K, used 94814K [0x0000000700000000, 0x0000000800000000)
  region size 2048K, 3 young (6144K), 2 survivors (4096K)
 Metaspace       used 48914K, committed 49408K, reserved 1097728K
  class space    used 6368K, committed 6592K, reserved 1048576K
}
Event: 7.754 GC heap after
{Heap after GC invocations=22 (full 0):
 garbage-first heap   total 116736K, used 92815K [0x0000000700000000, 0x0000000800000000)
  region size 2048K, 1 young (2048K), 1 survivors (2048K)
 Metaspace       used 48914K, committed 49408K, reserved 1097728K
  class space    used 6368K, committed 6592K, reserved 1048576K
}
Event: 7.909 GC heap before
{Heap before GC invocations=22 (full 0):
 garbage-first heap   total 116736K, used 96911K [0x0000000700000000, 0x0000000800000000)
  region size 2048K, 3 young (6144K), 1 survivors (2048K)
 Metaspace       used 49221K, committed 49728K, reserved 1097728K
  class space    used 6414K, committed 6656K, reserved 1048576K
}

