# JRE version: OpenJDK Runtime Environment (17.0.6) (build 17.0.6+0-b2043.56-9586694)
# Java VM: OpenJDK 64-Bit Server VM (17.0.6+0-b2043.56-9586694, mixed mode, tiered, compressed oops, compressed class ptrs, g1 gc, windows-amd64)
GC Precious Log:
 CPUs: 2 total, 2 available
 Memory: 10116M
 Large Page Support: Disabled
 NUMA Support: Disabled
 Compressed Oops: Enabled (Zero based)
 Heap Region Size: 2M
 Heap Min Capacity: 8M
 Heap Initial Capacity: 160M
 Heap Max Capacity: 4G
 Pre-touch: Disabled
 Parallel Workers: 2
 Concurrent Workers: 1
 Concurrent Refinement Workers: 2
 Periodic GC: Disabled
Heap:
 garbage-first heap   total 135168K, used 51772K [0x0000000700000000, 0x0000000800000000)
  region size 2048K, 11 young (22528K), 2 survivors (4096K)
 Metaspace       used 54614K, committed 55040K, reserved 1097728K
  class space    used 7301K, committed 7488K, reserved 1048576K
GC Heap History (20 events):
Event: 1.251 GC heap before
{Heap before GC invocations=3 (full 0):
 garbage-first heap   total 163840K, used 24550K [0x0000000700000000, 0x0000000800000000)
  region size 2048K, 8 young (16384K), 1 survivors (2048K)
 Metaspace       used 11184K, committed 11392K, reserved 1064960K
  class space    used 1163K, committed 1280K, reserved 1048576K
}
Event: 1.255 GC heap after
{Heap after GC invocations=4 (full 0):
 garbage-first heap   total 163840K, used 10544K [0x0000000700000000, 0x0000000800000000)
  region size 2048K, 1 young (2048K), 1 survivors (2048K)
 Metaspace       used 11184K, committed 11392K, reserved 1064960K
  class space    used 1163K, committed 1280K, reserved 1048576K
}
Event: 2.804 GC heap before
{Heap before GC invocations=4 (full 0):
 garbage-first heap   total 163840K, used 65840K [0x0000000700000000, 0x0000000800000000)
  region size 2048K, 29 young (59392K), 1 survivors (2048K)
 Metaspace       used 21171K, committed 21504K, reserved 1073152K
  class space    used 2565K, committed 2752K, reserved 1048576K
}
Event: 2.819 GC heap after
{Heap after GC invocations=5 (full 0):
 garbage-first heap   total 163840K, used 17970K [0x0000000700000000, 0x0000000800000000)
  region size 2048K, 4 young (8192K), 4 survivors (8192K)
 Metaspace       used 21171K, committed 21504K, reserved 1073152K
  class space    used 2565K, committed 2752K, reserved 1048576K
}
Event: 3.523 GC heap before
{Heap before GC invocations=6 (full 0):
 garbage-first heap   total 69632K, used 50738K [0x0000000700000000, 0x0000000800000000)
  region size 2048K, 20 young (40960K), 4 survivors (8192K)
 Metaspace       used 26191K, committed 26496K, reserved 1073152K
  class space    used 3438K, committed 3584K, reserved 1048576K
}
Event: 3.534 GC heap after
{Heap after GC invocations=7 (full 0):
 garbage-first heap   total 69632K, used 20372K [0x0000000700000000, 0x0000000800000000)
  region size 2048K, 2 young (4096K), 2 survivors (4096K)
 Metaspace       used 26191K, committed 26496K, reserved 1073152K
  class space    used 3438K, committed 3584K, reserved 1048576K
}
Event: 3.574 GC heap before
{Heap before GC invocations=7 (full 0):
 garbage-first heap   total 69632K, used 22420K [0x0000000700000000, 0x0000000800000000)
  region size 2048K, 3 young (6144K), 2 survivors (4096K)
 Metaspace       used 26559K, committed 26880K, reserved 1073152K
  class space    used 3502K, committed 3648K, reserved 1048576K
}
Event: 3.583 GC heap after
{Heap after GC invocations=8 (full 0):
 garbage-first heap   total 83968K, used 20579K [0x0000000700000000, 0x0000000800000000)
  region size 2048K, 1 young (2048K), 1 survivors (2048K)
 Metaspace       used 26559K, committed 26880K, reserved 1073152K
  class space    used 3502K, committed 3648K, reserved 1048576K
}
Event: 4.251 GC heap before
{Heap before GC invocations=8 (full 0):
 garbage-first heap   total 83968K, used 57443K [0x0000000700000000, 0x0000000800000000)
  region size 2048K, 19 young (38912K), 1 survivors (2048K)
 Metaspace       used 31918K, committed 32192K, reserved 1081344K
  class space    used 4360K, committed 4480K, reserved 1048576K
}
Event: 4.255 GC heap after
{Heap after GC invocations=9 (full 0):
 garbage-first heap   total 83968K, used 22044K [0x0000000700000000, 0x0000000800000000)
  region size 2048K, 1 young (2048K), 1 survivors (2048K)
 Metaspace       used 31918K, committed 32192K, reserved 1081344K
  class space    used 4360K, committed 4480K, reserved 1048576K
}
Event: 4.714 GC heap before
{Heap before GC invocations=9 (full 0):
 garbage-first heap   total 83968K, used 40476K [0x0000000700000000, 0x0000000800000000)
  region size 2048K, 11 young (22528K), 1 survivors (2048K)
 Metaspace       used 35601K, committed 35968K, reserved 1081344K
  class space    used 4879K, committed 5056K, reserved 1048576K
}
Event: 4.720 GC heap after
{Heap after GC invocations=10 (full 0):
 garbage-first heap   total 83968K, used 24018K [0x0000000700000000, 0x0000000800000000)
  region size 2048K, 2 young (4096K), 2 survivors (4096K)
 Metaspace       used 35601K, committed 35968K, reserved 1081344K
  class space    used 4879K, committed 5056K, reserved 1048576K
}
Event: 5.392 GC heap before
{Heap before GC invocations=11 (full 0):
 garbage-first heap   total 83968K, used 60882K [0x0000000700000000, 0x0000000800000000)
  region size 2048K, 21 young (43008K), 2 survivors (4096K)
 Metaspace       used 41208K, committed 41536K, reserved 1089536K
  class space    used 5446K, committed 5568K, reserved 1048576K
}
Event: 5.407 GC heap after
{Heap after GC invocations=12 (full 0):
 garbage-first heap   total 83968K, used 28612K [0x0000000700000000, 0x0000000800000000)
  region size 2048K, 3 young (6144K), 3 survivors (6144K)
 Metaspace       used 41208K, committed 41536K, reserved 1089536K
  class space    used 5446K, committed 5568K, reserved 1048576K
}
Event: 6.042 GC heap before
{Heap before GC invocations=12 (full 0):
 garbage-first heap   total 83968K, used 65476K [0x0000000700000000, 0x0000000800000000)
  region size 2048K, 20 young (40960K), 3 survivors (6144K)
 Metaspace       used 44982K, committed 45440K, reserved 1089536K
  class space    used 5933K, committed 6144K, reserved 1048576K
}
Event: 6.054 GC heap after
{Heap after GC invocations=13 (full 0):
 garbage-first heap   total 83968K, used 31674K [0x0000000700000000, 0x0000000800000000)
  region size 2048K, 2 young (4096K), 2 survivors (4096K)
 Metaspace       used 44982K, committed 45440K, reserved 1089536K
  class space    used 5933K, committed 6144K, reserved 1048576K
}
Event: 6.589 GC heap before
{Heap before GC invocations=13 (full 0):
 garbage-first heap   total 83968K, used 60346K [0x0000000700000000, 0x0000000800000000)
  region size 2048K, 17 young (34816K), 2 survivors (4096K)
 Metaspace       used 49494K, committed 49920K, reserved 1097728K
  class space    used 6527K, committed 6720K, reserved 1048576K
}
Event: 6.597 GC heap after
{Heap after GC invocations=14 (full 0):
 garbage-first heap   total 83968K, used 32948K [0x0000000700000000, 0x0000000800000000)
  region size 2048K, 3 young (6144K), 3 survivors (6144K)
 Metaspace       used 49494K, committed 49920K, reserved 1097728K
  class space    used 6527K, committed 6720K, reserved 1048576K
}
Event: 7.670 GC heap before
{Heap before GC invocations=14 (full 0):
 garbage-first heap   total 83968K, used 61620K [0x0000000700000000, 0x0000000800000000)
  region size 2048K, 18 young (36864K), 3 survivors (6144K)
 Metaspace       used 51723K, committed 52096K, reserved 1097728K
  class space    used 6800K, committed 6976K, reserved 1048576K
}
Event: 7.680 GC heap after
{Heap after GC invocations=15 (full 0):
 garbage-first heap   total 135168K, used 35388K [0x0000000700000000, 0x0000000800000000)
  region size 2048K, 2 young (4096K), 2 survivors (4096K)
 Metaspace       used 51723K, committed 52096K, reserved 1097728K
  class space    used 6800K, committed 6976K, reserved 1048576K
}

